<?xml version="1.0" encoding="UTF-8"?>
<coverage generated="1603427128150" clover="3.2.0">
  <project timestamp="1603427128150" name="All files">
    <metrics statements="23" coveredstatements="23" conditionals="8" coveredconditionals="8" methods="2" coveredmethods="2" elements="33" coveredelements="33" complexity="0" loc="23" ncloc="23" packages="1" files="1" classes="1"/>
    <file name="templater.js" path="C:\Users\salsa\Documents\CSE183\Assignment3\templater.js">
      <metrics statements="23" coveredstatements="23" conditionals="8" coveredconditionals="8" methods="2" coveredmethods="2"/>
      <line num="10" count="9" type="stmt"/>
      <line num="23" count="9" type="cond" truecount="2" falsecount="0"/>
      <line num="24" count="1" type="stmt"/>
      <line num="26" count="8" type="stmt"/>
      <line num="27" count="8" type="stmt"/>
      <line num="28" count="8" type="stmt"/>
      <line num="29" count="8" type="stmt"/>
      <line num="30" count="19" type="stmt"/>
      <line num="31" count="19" type="stmt"/>
      <line num="32" count="19" type="stmt"/>
      <line num="35" count="8" type="stmt"/>
      <line num="36" count="8" type="cond" truecount="4" falsecount="0"/>
      <line num="37" count="1" type="stmt"/>
      <line num="39" count="7" type="cond" truecount="2" falsecount="0"/>
      <line num="40" count="2" type="stmt"/>
      <line num="41" count="2" type="stmt"/>
      <line num="42" count="27" type="stmt"/>
      <line num="43" count="27" type="stmt"/>
      <line num="45" count="2" type="stmt"/>
      <line num="46" count="2" type="stmt"/>
      <line num="47" count="2" type="stmt"/>
      <line num="50" count="7" type="stmt"/>
      <line num="55" count="1" type="stmt"/>
    </file>
  </project>
</coverage>
