{"C:\\Users\\salsa\\Documents\\CSE183\\Assignment3\\templater.js": {"path":"C:\\Users\\salsa\\Documents\\CSE183\\Assignment3\\templater.js","statementMap":{"0":{"start":{"line":10,"column":4},"end":{"line":10,"column":29}},"1":{"start":{"line":23,"column":4},"end":{"line":25,"column":5}},"2":{"start":{"line":24,"column":6},"end":{"line":24,"column":27}},"3":{"start":{"line":26,"column":12},"end":{"line":26,"column":25}},"4":{"start":{"line":27,"column":12},"end":{"line":27,"column":14}},"5":{"start":{"line":28,"column":17},"end":{"line":28,"column":33}},"6":{"start":{"line":29,"column":4},"end":{"line":34,"column":5}},"7":{"start":{"line":29,"column":17},"end":{"line":29,"column":18}},"8":{"start":{"line":30,"column":16},"end":{"line":30,"column":37}},"9":{"start":{"line":31,"column":6},"end":{"line":33,"column":7}},"10":{"start":{"line":32,"column":8},"end":{"line":32,"column":39}},"11":{"start":{"line":35,"column":12},"end":{"line":35,"column":25}},"12":{"start":{"line":36,"column":4},"end":{"line":51,"column":5}},"13":{"start":{"line":37,"column":6},"end":{"line":37,"column":37}},"14":{"start":{"line":39,"column":6},"end":{"line":49,"column":7}},"15":{"start":{"line":40,"column":8},"end":{"line":48,"column":9}},"16":{"start":{"line":41,"column":10},"end":{"line":44,"column":11}},"17":{"start":{"line":42,"column":12},"end":{"line":42,"column":25}},"18":{"start":{"line":43,"column":12},"end":{"line":43,"column":16}},"19":{"start":{"line":45,"column":10},"end":{"line":45,"column":24}},"20":{"start":{"line":46,"column":10},"end":{"line":46,"column":31}},"21":{"start":{"line":47,"column":10},"end":{"line":47,"column":28}},"22":{"start":{"line":50,"column":6},"end":{"line":50,"column":15}},"23":{"start":{"line":55,"column":0},"end":{"line":55,"column":27}}},"fnMap":{"0":{"name":"(anonymous_0)","decl":{"start":{"line":9,"column":2},"end":{"line":9,"column":3}},"loc":{"start":{"line":9,"column":24},"end":{"line":11,"column":3}},"line":9},"1":{"name":"(anonymous_1)","decl":{"start":{"line":22,"column":2},"end":{"line":22,"column":3}},"loc":{"start":{"line":22,"column":21},"end":{"line":52,"column":3}},"line":22}},"branchMap":{"0":{"loc":{"start":{"line":23,"column":4},"end":{"line":25,"column":5}},"type":"if","locations":[{"start":{"line":23,"column":4},"end":{"line":25,"column":5}},{"start":{"line":23,"column":4},"end":{"line":25,"column":5}}],"line":23},"1":{"loc":{"start":{"line":36,"column":4},"end":{"line":51,"column":5}},"type":"if","locations":[{"start":{"line":36,"column":4},"end":{"line":51,"column":5}},{"start":{"line":36,"column":4},"end":{"line":51,"column":5}}],"line":36},"2":{"loc":{"start":{"line":36,"column":8},"end":{"line":36,"column":31}},"type":"binary-expr","locations":[{"start":{"line":36,"column":8},"end":{"line":36,"column":22}},{"start":{"line":36,"column":26},"end":{"line":36,"column":31}}],"line":36},"3":{"loc":{"start":{"line":39,"column":6},"end":{"line":49,"column":7}},"type":"if","locations":[{"start":{"line":39,"column":6},"end":{"line":49,"column":7}},{"start":{"line":39,"column":6},"end":{"line":49,"column":7}}],"line":39}},"s":{"0":9,"1":9,"2":1,"3":8,"4":8,"5":8,"6":8,"7":8,"8":19,"9":19,"10":19,"11":8,"12":8,"13":1,"14":7,"15":2,"16":2,"17":27,"18":27,"19":2,"20":2,"21":2,"22":7,"23":1},"f":{"0":9,"1":9},"b":{"0":[1,8],"1":[1,7],"2":[8,1],"3":[2,5]},"_coverageSchema":"1a1c01bbd47fc00a2c39e90264f33305004495a9","hash":"df9c9bb836bbc2308d7305bc08493a19aa4779b7"}
}
